0 verbose cli C:\Program Files\nodejs\node.exe C:\Program Files\nodejs\node_modules\npm\bin\npm-cli.js
1 info using npm@10.9.0
2 info using node@v23.3.0
3 silly config load:file:C:\Program Files\nodejs\node_modules\npm\npmrc
4 silly config load:file:D:\UpdatedFYP\manufacturing-progress-tracker-main\.npmrc
5 silly config load:file:C:\Users\saadr\.npmrc
6 silly config load:file:C:\Users\saadr\AppData\Roaming\npm\etc\npmrc
7 verbose title npm install recharts
8 verbose argv "install" "recharts"
9 verbose logfile logs-max:10 dir:D:\UpdatedFYP\manufacturing-progress-tracker-main\%APPDATA%\npm-cache\_logs\2024-12-05T20_54_35_891Z-
10 verbose logfile D:\UpdatedFYP\manufacturing-progress-tracker-main\%APPDATA%\npm-cache\_logs\2024-12-05T20_54_35_891Z-debug-0.log
11 silly logfile start cleaning logs, removing 1 files
12 silly packumentCache heap:4345298944 maxSize:1086324736 maxEntrySize:543162368
13 silly logfile done cleaning log files
14 silly idealTree buildDeps
15 silly fetch manifest recharts@*
16 silly packumentCache full:https://registry.npmjs.org/recharts cache-miss
17 http fetch GET 200 https://registry.npmjs.org/recharts 847ms (cache miss)
18 silly packumentCache full:https://registry.npmjs.org/recharts set size:undefined disposed:false
19 silly fetch manifest react@^18
20 silly packumentCache full:https://registry.npmjs.org/react cache-miss
21 http fetch GET 200 https://registry.npmjs.org/react 540ms (cache miss)
22 silly packumentCache full:https://registry.npmjs.org/react set size:undefined disposed:false
23 silly fetch manifest react-dom@^18
24 silly packumentCache full:https://registry.npmjs.org/react-dom cache-miss
25 http fetch GET 200 https://registry.npmjs.org/react-dom 287ms (cache miss)
26 silly packumentCache full:https://registry.npmjs.org/react-dom set size:undefined disposed:false
27 silly placeDep ROOT recharts@2.14.1 OK for: textile-plm-digitalisation@0.1.0 want: *
28 silly fetch manifest eventemitter3@^4.0.1
29 silly packumentCache full:https://registry.npmjs.org/eventemitter3 cache-miss
30 silly fetch manifest lodash@^4.17.21
31 silly packumentCache full:https://registry.npmjs.org/lodash cache-miss
32 silly fetch manifest react-is@^18.3.1
33 silly packumentCache full:https://registry.npmjs.org/react-is cache-miss
34 silly fetch manifest react-smooth@^4.0.0
35 silly packumentCache full:https://registry.npmjs.org/react-smooth cache-miss
36 silly fetch manifest recharts-scale@^0.4.4
37 silly packumentCache full:https://registry.npmjs.org/recharts-scale cache-miss
38 silly fetch manifest tiny-invariant@^1.3.1
39 silly packumentCache full:https://registry.npmjs.org/tiny-invariant cache-miss
40 silly fetch manifest victory-vendor@^36.6.8
41 silly packumentCache full:https://registry.npmjs.org/victory-vendor cache-miss
42 http fetch GET 200 https://registry.npmjs.org/eventemitter3 168ms (cache miss)
43 silly packumentCache full:https://registry.npmjs.org/eventemitter3 set size:undefined disposed:false
44 http fetch GET 200 https://registry.npmjs.org/react-smooth 463ms (cache miss)
45 silly packumentCache full:https://registry.npmjs.org/react-smooth set size:undefined disposed:false
46 http fetch GET 200 https://registry.npmjs.org/recharts-scale 527ms (cache miss)
47 silly packumentCache full:https://registry.npmjs.org/recharts-scale set size:undefined disposed:false
48 http fetch GET 200 https://registry.npmjs.org/lodash 551ms (cache miss)
49 silly packumentCache full:https://registry.npmjs.org/lodash set size:undefined disposed:false
50 http fetch GET 200 https://registry.npmjs.org/victory-vendor 559ms (cache miss)
51 silly packumentCache full:https://registry.npmjs.org/victory-vendor set size:undefined disposed:false
52 http fetch GET 200 https://registry.npmjs.org/react-is 937ms (cache miss)
53 silly packumentCache full:https://registry.npmjs.org/react-is set size:undefined disposed:false
54 http fetch GET 200 https://registry.npmjs.org/tiny-invariant 1154ms (cache miss)
55 silly packumentCache full:https://registry.npmjs.org/tiny-invariant set size:undefined disposed:false
56 silly fetch manifest react@^16.0.0 || ^17.0.0 || ^18.0.0
57 silly packumentCache full:https://registry.npmjs.org/react cache-miss
58 http fetch GET 200 https://registry.npmjs.org/react 20ms (cache hit)
59 silly packumentCache full:https://registry.npmjs.org/react set size:5207234 disposed:false
60 silly fetch manifest react-dom@^16.0.0 || ^17.0.0 || ^18.0.0
61 silly packumentCache full:https://registry.npmjs.org/react-dom cache-miss
62 http fetch GET 200 https://registry.npmjs.org/react-dom 20ms (cache hit)
63 silly packumentCache full:https://registry.npmjs.org/react-dom set size:6401477 disposed:false
64 silly placeDep ROOT eventemitter3@4.0.7 OK for: recharts@2.14.1 want: ^4.0.1
65 silly placeDep ROOT lodash@4.17.21 OK for: recharts@2.14.1 want: ^4.17.21
66 silly placeDep node_modules/recharts react-is@18.3.1 OK for: recharts@2.14.1 want: ^18.3.1
67 silly placeDep ROOT react-smooth@4.0.3 OK for: recharts@2.14.1 want: ^4.0.0
68 silly placeDep ROOT recharts-scale@0.4.5 OK for: recharts@2.14.1 want: ^0.4.4
69 silly placeDep ROOT tiny-invariant@1.3.3 OK for: recharts@2.14.1 want: ^1.3.1
70 silly placeDep ROOT victory-vendor@36.9.2 OK for: recharts@2.14.1 want: ^36.6.8
71 silly fetch manifest fast-equals@^5.0.1
72 silly packumentCache full:https://registry.npmjs.org/fast-equals cache-miss
73 silly fetch manifest react-transition-group@^4.4.5
74 silly packumentCache full:https://registry.npmjs.org/react-transition-group cache-miss
75 silly fetch manifest decimal.js-light@^2.4.1
76 silly packumentCache full:https://registry.npmjs.org/decimal.js-light cache-miss
77 silly fetch manifest d3-ease@^3.0.1
78 silly packumentCache full:https://registry.npmjs.org/d3-ease cache-miss
79 silly fetch manifest d3-time@^3.0.0
80 silly packumentCache full:https://registry.npmjs.org/d3-time cache-miss
81 silly fetch manifest d3-array@^3.1.6
82 silly packumentCache full:https://registry.npmjs.org/d3-array cache-miss
83 silly fetch manifest d3-scale@^4.0.2
84 silly packumentCache full:https://registry.npmjs.org/d3-scale cache-miss
85 http fetch GET 200 https://registry.npmjs.org/react-transition-group 142ms (cache miss)
86 silly packumentCache full:https://registry.npmjs.org/react-transition-group set size:undefined disposed:false
87 silly fetch manifest d3-shape@^3.1.0
88 silly packumentCache full:https://registry.npmjs.org/d3-shape cache-miss
89 http fetch GET 200 https://registry.npmjs.org/decimal.js-light 174ms (cache miss)
90 silly packumentCache full:https://registry.npmjs.org/decimal.js-light set size:undefined disposed:false
91 silly fetch manifest d3-timer@^3.0.1
92 silly packumentCache full:https://registry.npmjs.org/d3-timer cache-miss
93 http fetch GET 200 https://registry.npmjs.org/d3-time 184ms (cache miss)
94 silly packumentCache full:https://registry.npmjs.org/d3-time set size:undefined disposed:false
95 silly fetch manifest @types/d3-ease@^3.0.0
96 silly packumentCache full:https://registry.npmjs.org/@types%2fd3-ease cache-miss
97 http fetch GET 200 https://registry.npmjs.org/fast-equals 193ms (cache miss)
98 silly packumentCache full:https://registry.npmjs.org/fast-equals set size:undefined disposed:false
99 silly fetch manifest @types/d3-time@^3.0.0
100 silly packumentCache full:https://registry.npmjs.org/@types%2fd3-time cache-miss
101 http fetch GET 200 https://registry.npmjs.org/d3-scale 201ms (cache miss)
102 silly packumentCache full:https://registry.npmjs.org/d3-scale set size:undefined disposed:false
103 silly fetch manifest d3-interpolate@^3.0.1
104 silly packumentCache full:https://registry.npmjs.org/d3-interpolate cache-miss
105 http fetch GET 200 https://registry.npmjs.org/d3-shape 144ms (cache miss)
106 silly packumentCache full:https://registry.npmjs.org/d3-shape set size:undefined disposed:false
107 silly fetch manifest @types/d3-array@^3.0.3
108 silly packumentCache full:https://registry.npmjs.org/@types%2fd3-array cache-miss
109 http fetch GET 200 https://registry.npmjs.org/d3-timer 147ms (cache miss)
110 silly packumentCache full:https://registry.npmjs.org/d3-timer set size:undefined disposed:false
111 silly fetch manifest @types/d3-scale@^4.0.2
112 silly packumentCache full:https://registry.npmjs.org/@types%2fd3-scale cache-miss
113 http fetch GET 200 https://registry.npmjs.org/@types%2fd3-scale 160ms (cache miss)
114 silly packumentCache full:https://registry.npmjs.org/@types%2fd3-scale set size:undefined disposed:false
115 silly fetch manifest @types/d3-shape@^3.1.0
116 silly packumentCache full:https://registry.npmjs.org/@types%2fd3-shape cache-miss
117 http fetch GET 200 https://registry.npmjs.org/@types%2fd3-shape 169ms (cache miss)
118 silly packumentCache full:https://registry.npmjs.org/@types%2fd3-shape set size:undefined disposed:false
119 silly fetch manifest @types/d3-timer@^3.0.0
120 silly packumentCache full:https://registry.npmjs.org/@types%2fd3-timer cache-miss
121 http fetch GET 200 https://registry.npmjs.org/d3-ease 797ms (cache miss)
122 silly packumentCache full:https://registry.npmjs.org/d3-ease set size:undefined disposed:false
123 silly fetch manifest @types/d3-interpolate@^3.0.1
124 silly packumentCache full:https://registry.npmjs.org/@types%2fd3-interpolate cache-miss
125 http fetch GET 200 https://registry.npmjs.org/d3-array 804ms (cache miss)
126 silly packumentCache full:https://registry.npmjs.org/d3-array set size:undefined disposed:false
127 http fetch GET 200 https://registry.npmjs.org/@types%2fd3-timer 161ms (cache miss)
128 silly packumentCache full:https://registry.npmjs.org/@types%2fd3-timer set size:undefined disposed:false
129 http fetch GET 200 https://registry.npmjs.org/d3-interpolate 798ms (cache miss)
130 silly packumentCache full:https://registry.npmjs.org/d3-interpolate set size:undefined disposed:false
131 http fetch GET 200 https://registry.npmjs.org/@types%2fd3-ease 1427ms (cache miss)
132 silly packumentCache full:https://registry.npmjs.org/@types%2fd3-ease set size:undefined disposed:false
133 http fetch GET 200 https://registry.npmjs.org/@types%2fd3-time 1422ms (cache miss)
134 silly packumentCache full:https://registry.npmjs.org/@types%2fd3-time set size:undefined disposed:false
135 http fetch GET 200 https://registry.npmjs.org/@types%2fd3-array 1405ms (cache miss)
136 silly packumentCache full:https://registry.npmjs.org/@types%2fd3-array set size:undefined disposed:false
137 http fetch GET 200 https://registry.npmjs.org/@types%2fd3-interpolate 1421ms (cache miss)
138 silly packumentCache full:https://registry.npmjs.org/@types%2fd3-interpolate set size:undefined disposed:false
139 silly fetch manifest react@^16.8.0 || ^17.0.0 || ^18.0.0
140 silly packumentCache full:https://registry.npmjs.org/react cache-miss
141 http fetch GET 200 https://registry.npmjs.org/react 17ms (cache hit)
142 silly packumentCache full:https://registry.npmjs.org/react set size:5207234 disposed:false
143 silly fetch manifest react-dom@^16.8.0 || ^17.0.0 || ^18.0.0
144 silly packumentCache full:https://registry.npmjs.org/react-dom cache-miss
145 http fetch GET 200 https://registry.npmjs.org/react-dom 18ms (cache hit)
146 silly packumentCache full:https://registry.npmjs.org/react-dom set size:6401477 disposed:false
147 silly placeDep ROOT fast-equals@5.0.1 OK for: react-smooth@4.0.3 want: ^5.0.1
148 silly placeDep ROOT react-transition-group@4.4.5 OK for: react-smooth@4.0.3 want: ^4.4.5
149 silly fetch manifest dom-helpers@^5.0.1
150 silly packumentCache full:https://registry.npmjs.org/dom-helpers cache-miss
151 http fetch GET 200 https://registry.npmjs.org/dom-helpers 789ms (cache miss)
152 silly packumentCache full:https://registry.npmjs.org/dom-helpers set size:undefined disposed:false
153 silly placeDep ROOT dom-helpers@5.2.1 OK for: react-transition-group@4.4.5 want: ^5.0.1
154 silly placeDep ROOT decimal.js-light@2.5.1 OK for: recharts-scale@0.4.5 want: ^2.4.1
155 silly placeDep ROOT @types/d3-array@3.2.1 OK for: victory-vendor@36.9.2 want: ^3.0.3
156 silly placeDep ROOT @types/d3-ease@3.0.2 OK for: victory-vendor@36.9.2 want: ^3.0.0
157 silly placeDep ROOT @types/d3-interpolate@3.0.4 OK for: victory-vendor@36.9.2 want: ^3.0.1
158 silly placeDep ROOT @types/d3-scale@4.0.8 OK for: victory-vendor@36.9.2 want: ^4.0.2
159 silly placeDep ROOT @types/d3-shape@3.1.6 OK for: victory-vendor@36.9.2 want: ^3.1.0
160 silly placeDep ROOT @types/d3-time@3.0.4 OK for: victory-vendor@36.9.2 want: ^3.0.0
161 silly placeDep ROOT @types/d3-timer@3.0.2 OK for: victory-vendor@36.9.2 want: ^3.0.0
162 silly placeDep ROOT d3-array@3.2.4 OK for: victory-vendor@36.9.2 want: ^3.1.6
163 silly placeDep ROOT d3-ease@3.0.1 OK for: victory-vendor@36.9.2 want: ^3.0.1
164 silly placeDep ROOT d3-interpolate@3.0.1 OK for: victory-vendor@36.9.2 want: ^3.0.1
165 silly placeDep ROOT d3-scale@4.0.2 OK for: victory-vendor@36.9.2 want: ^4.0.2
166 silly placeDep ROOT d3-shape@3.2.0 OK for: victory-vendor@36.9.2 want: ^3.1.0
167 silly placeDep ROOT d3-time@3.1.0 OK for: victory-vendor@36.9.2 want: ^3.0.0
168 silly placeDep ROOT d3-timer@3.0.1 OK for: victory-vendor@36.9.2 want: ^3.0.1
169 silly fetch manifest @types/d3-color@*
170 silly packumentCache full:https://registry.npmjs.org/@types%2fd3-color cache-miss
171 silly fetch manifest @types/d3-time@*
172 silly packumentCache full:https://registry.npmjs.org/@types%2fd3-time cache-miss
173 silly fetch manifest @types/d3-path@*
174 silly packumentCache full:https://registry.npmjs.org/@types%2fd3-path cache-miss
175 silly fetch manifest internmap@1 - 2
176 silly packumentCache full:https://registry.npmjs.org/internmap cache-miss
177 silly fetch manifest d3-color@1 - 3
178 silly packumentCache full:https://registry.npmjs.org/d3-color cache-miss
179 silly fetch manifest d3-format@1 - 3
180 silly packumentCache full:https://registry.npmjs.org/d3-format cache-miss
181 silly fetch manifest d3-time@2.1.1 - 3
182 silly packumentCache full:https://registry.npmjs.org/d3-time cache-miss
183 http fetch GET 200 https://registry.npmjs.org/d3-time 13ms (cache hit)
184 silly packumentCache full:https://registry.npmjs.org/d3-time set size:150406 disposed:false
185 silly fetch manifest d3-time-format@2 - 4
186 silly packumentCache full:https://registry.npmjs.org/d3-time-format cache-miss
187 http fetch GET 200 https://registry.npmjs.org/@types%2fd3-time 21ms (cache hit)
188 silly packumentCache full:https://registry.npmjs.org/@types%2fd3-time set size:52620 disposed:false
189 silly fetch manifest d3-path@^3.1.0
190 silly packumentCache full:https://registry.npmjs.org/d3-path cache-miss
191 http fetch GET 200 https://registry.npmjs.org/d3-color 166ms (cache miss)
192 silly packumentCache full:https://registry.npmjs.org/d3-color set size:undefined disposed:false
193 http fetch GET 200 https://registry.npmjs.org/internmap 171ms (cache miss)
194 silly packumentCache full:https://registry.npmjs.org/internmap set size:undefined disposed:false
195 http fetch GET 200 https://registry.npmjs.org/@types%2fd3-color 173ms (cache miss)
196 silly packumentCache full:https://registry.npmjs.org/@types%2fd3-color set size:undefined disposed:false
197 http fetch GET 200 https://registry.npmjs.org/d3-format 171ms (cache miss)
198 silly packumentCache full:https://registry.npmjs.org/d3-format set size:undefined disposed:false
199 http fetch GET 200 https://registry.npmjs.org/d3-time-format 157ms (cache miss)
200 silly packumentCache full:https://registry.npmjs.org/d3-time-format set size:undefined disposed:false
201 http fetch GET 200 https://registry.npmjs.org/@types%2fd3-path 781ms (cache miss)
202 silly packumentCache full:https://registry.npmjs.org/@types%2fd3-path set size:undefined disposed:false
203 http fetch GET 200 https://registry.npmjs.org/d3-path 785ms (cache miss)
204 silly packumentCache full:https://registry.npmjs.org/d3-path set size:undefined disposed:false
205 silly placeDep ROOT @types/d3-color@3.1.3 OK for: @types/d3-interpolate@3.0.4 want: *
206 silly placeDep ROOT @types/d3-path@3.1.0 OK for: @types/d3-shape@3.1.6 want: *
207 silly placeDep ROOT internmap@2.0.3 OK for: d3-array@3.2.4 want: 1 - 2
208 silly placeDep ROOT d3-color@3.1.0 OK for: d3-interpolate@3.0.1 want: 1 - 3
209 silly placeDep ROOT d3-format@3.1.0 OK for: d3-scale@4.0.2 want: 1 - 3
210 silly placeDep ROOT d3-time-format@4.1.0 OK for: d3-scale@4.0.2 want: 2 - 4
211 silly placeDep ROOT d3-path@3.1.0 OK for: d3-shape@3.2.0 want: ^3.1.0
212 silly reify moves {}
213 silly audit bulk request {
213 silly audit   '@alloc/quick-lru': [ '5.2.0' ],
213 silly audit   '@babel/runtime': [ '7.25.7' ],
213 silly audit   '@clerk/backend': [ '1.13.9' ],
213 silly audit   tslib: [ '2.4.1', '2.7.0' ],
213 silly audit   '@clerk/clerk-react': [ '5.11.0' ],
213 silly audit   '@clerk/nextjs': [ '5.7.2' ],
213 silly audit   '@clerk/shared': [ '2.9.0' ],
213 silly audit   '@clerk/types': [ '4.25.0' ],
213 silly audit   csstype: [ '3.1.1', '3.1.3' ],
213 silly audit   '@eslint-community/eslint-utils': [ '4.4.0' ],
213 silly audit   '@eslint-community/regexpp': [ '4.11.1' ],
213 silly audit   '@eslint/eslintrc': [ '2.1.4' ],
213 silly audit   '@eslint/js': [ '8.57.1' ],
213 silly audit   '@floating-ui/core': [ '1.6.8' ],
213 silly audit   '@floating-ui/dom': [ '1.6.11' ],
213 silly audit   '@floating-ui/react-dom': [ '2.1.2' ],
213 silly audit   '@floating-ui/utils': [ '0.2.8' ],
213 silly audit   '@gar/promisify': [ '1.1.3' ],
213 silly audit   '@humanwhocodes/config-array': [ '0.13.0' ],
213 silly audit   '@humanwhocodes/module-importer': [ '1.0.1' ],
213 silly audit   '@humanwhocodes/object-schema': [ '2.0.3' ],
213 silly audit   '@isaacs/cliui': [ '8.0.2' ],
213 silly audit   'ansi-regex': [ '6.1.0', '5.0.1' ],
213 silly audit   'strip-ansi': [ '7.1.0', '6.0.1' ],
213 silly audit   '@jridgewell/gen-mapping': [ '0.3.5' ],
213 silly audit   '@jridgewell/resolve-uri': [ '3.1.2' ],
213 silly audit   '@jridgewell/set-array': [ '1.2.1' ],
213 silly audit   '@jridgewell/sourcemap-codec': [ '1.5.0' ],
213 silly audit   '@jridgewell/trace-mapping': [ '0.3.25' ],
213 silly audit   '@next/env': [ '14.2.14' ],
213 silly audit   '@next/eslint-plugin-next': [ '14.2.14' ],
213 silly audit   '@next/swc-darwin-arm64': [ '14.2.14' ],
213 silly audit   '@next/swc-darwin-x64': [ '14.2.14' ],
213 silly audit   '@next/swc-linux-arm64-gnu': [ '14.2.14' ],
213 silly audit   '@next/swc-linux-arm64-musl': [ '14.2.14' ],
213 silly audit   '@next/swc-linux-x64-gnu': [ '14.2.14' ],
213 silly audit   '@next/swc-linux-x64-musl': [ '14.2.14' ],
213 silly audit   '@next/swc-win32-arm64-msvc': [ '14.2.14' ],
213 silly audit   '@next/swc-win32-ia32-msvc': [ '14.2.14' ],
213 silly audit   '@next/swc-win32-x64-msvc': [ '14.2.14' ],
213 silly audit   '@nodelib/fs.scandir': [ '2.1.5' ],
213 silly audit   '@nodelib/fs.stat': [ '2.0.5' ],
213 silly audit   '@nodelib/fs.walk': [ '1.2.8' ],
213 silly audit   '@nolyfill/is-core-module': [ '1.0.39' ],
213 silly audit   '@npmcli/fs': [ '1.1.1' ],
213 silly audit   '@npmcli/move-file': [ '1.1.2' ],
213 silly audit   '@pkgjs/parseargs': [ '0.11.0' ],
213 silly audit   '@radix-ui/number': [ '1.1.0' ],
213 silly audit   '@radix-ui/primitive': [ '1.1.0', '1.0.1' ],
213 silly audit   '@radix-ui/react-alert-dialog': [ '1.1.2' ],
213 silly audit   '@radix-ui/react-arrow': [ '1.1.0' ],
213 silly audit   '@radix-ui/react-avatar': [ '1.1.1' ],
213 silly audit   '@radix-ui/react-checkbox': [ '1.1.2' ],
213 silly audit   '@radix-ui/react-collection': [ '1.1.0' ],
213 silly audit   '@radix-ui/react-context': [ '1.1.0', '1.1.1', '1.0.1' ],
213 silly audit   '@radix-ui/react-compose-refs': [ '1.1.0', '1.0.1' ],
213 silly audit   '@radix-ui/react-dialog': [ '1.1.2', '1.0.5' ],
213 silly audit   '@radix-ui/react-direction': [ '1.1.0' ],
213 silly audit   '@radix-ui/react-dismissable-layer': [ '1.1.1', '1.0.5' ],
213 silly audit   '@radix-ui/react-dropdown-menu': [ '2.1.2' ],
213 silly audit   '@radix-ui/react-focus-guards': [ '1.1.1', '1.0.1' ],
213 silly audit   '@radix-ui/react-focus-scope': [ '1.1.0', '1.0.4' ],
213 silly audit   '@radix-ui/react-id': [ '1.1.0', '1.0.1' ],
213 silly audit   '@radix-ui/react-label': [ '2.1.0' ],
213 silly audit   '@radix-ui/react-menu': [ '2.1.2' ],
213 silly audit   '@radix-ui/react-popover': [ '1.1.2' ],
213 silly audit   '@radix-ui/react-popper': [ '1.2.0' ],
213 silly audit   '@radix-ui/react-portal': [ '1.1.2', '1.0.4' ],
213 silly audit   '@radix-ui/react-presence': [ '1.1.1', '1.0.1' ],
213 silly audit   '@radix-ui/react-primitive': [ '2.0.0', '1.0.3' ],
213 silly audit   '@radix-ui/react-roving-focus': [ '1.1.0' ],
213 silly audit   '@radix-ui/react-scroll-area': [ '1.2.0' ],
213 silly audit   '@radix-ui/react-select': [ '2.1.2' ],
213 silly audit   '@radix-ui/react-slot': [ '1.1.0', '1.0.2' ],
213 silly audit   '@radix-ui/react-switch': [ '1.1.1' ],
213 silly audit   '@radix-ui/react-tabs': [ '1.1.1' ],
213 silly audit   '@radix-ui/react-use-callback-ref': [ '1.1.0', '1.0.1' ],
213 silly audit   '@radix-ui/react-use-controllable-state': [ '1.1.0', '1.0.1' ],
213 silly audit   '@radix-ui/react-use-escape-keydown': [ '1.1.0', '1.0.3' ],
213 silly audit   '@radix-ui/react-use-layout-effect': [ '1.1.0', '1.0.1' ],
213 silly audit   '@radix-ui/react-use-previous': [ '1.1.0' ],
213 silly audit   '@radix-ui/react-use-rect': [ '1.1.0' ],
213 silly audit   '@radix-ui/react-use-size': [ '1.1.0' ],
213 silly audit   '@radix-ui/react-visually-hidden': [ '1.1.0' ],
213 silly audit   '@radix-ui/rect': [ '1.1.0' ],
213 silly audit   '@rtsao/scc': [ '1.1.0' ],
213 silly audit   '@rushstack/eslint-patch': [ '1.10.4' ],
213 silly audit   '@swc/counter': [ '0.1.3' ],
213 silly audit   '@swc/helpers': [ '0.5.5' ],
213 silly audit   '@tootallnate/once': [ '1.1.2' ],
213 silly audit   '@types/better-sqlite3': [ '7.6.11' ],
213 silly audit   '@types/json5': [ '0.0.29' ],
213 silly audit   '@types/node': [ '20.16.10' ],
213 silly audit   '@types/prop-types': [ '15.7.13' ],
213 silly audit   '@types/react': [ '18.3.11' ],
213 silly audit   '@types/react-dom': [ '18.3.0' ],
213 silly audit   '@typescript-eslint/eslint-plugin': [ '8.8.0' ],
213 silly audit   '@typescript-eslint/parser': [ '8.8.0' ],
213 silly audit   '@typescript-eslint/scope-manager': [ '8.8.0' ],
213 silly audit   '@typescript-eslint/type-utils': [ '8.8.0' ],
213 silly audit   '@typescript-eslint/types': [ '8.8.0' ],
213 silly audit   '@typescript-eslint/typescript-estree': [ '8.8.0' ],
213 silly audit   'brace-expansion': [ '2.0.1', '1.1.11' ],
213 silly audit   minimatch: [ '9.0.5', '3.1.2' ],
213 silly audit   '@typescript-eslint/utils': [ '8.8.0' ],
213 silly audit   '@typescript-eslint/visitor-keys': [ '8.8.0' ],
213 silly audit   '@ungap/structured-clone': [ '1.2.0' ],
213 silly audit   abbrev: [ '1.1.1' ],
213 silly audit   acorn: [ '8.12.1' ],
213 silly audit   'acorn-jsx': [ '5.3.2' ],
213 silly audit   'agent-base': [ '6.0.2' ],
213 silly audit   agentkeepalive: [ '4.5.0' ],
213 silly audit   'aggregate-error': [ '3.1.0' ],
213 silly audit   ajv: [ '6.12.6' ],
213 silly audit   'ansi-styles': [ '4.3.0', '6.2.1' ],
213 silly audit   'any-promise': [ '1.3.0' ],
213 silly audit   anymatch: [ '3.1.3' ],
213 silly audit   aproba: [ '2.0.0' ],
213 silly audit   'are-we-there-yet': [ '3.0.1' ],
213 silly audit   arg: [ '5.0.2' ],
213 silly audit   argparse: [ '2.0.1' ],
213 silly audit   'aria-hidden': [ '1.2.4' ],
213 silly audit   'aria-query': [ '5.1.3' ],
213 silly audit   'array-buffer-byte-length': [ '1.0.1' ],
213 silly audit   'array-includes': [ '3.1.8' ],
213 silly audit   'array.prototype.findlast': [ '1.2.5' ],
213 silly audit   'array.prototype.findlastindex': [ '1.2.5' ],
213 silly audit   'array.prototype.flat': [ '1.3.2' ],
213 silly audit   'array.prototype.flatmap': [ '1.3.2' ],
213 silly audit   'array.prototype.tosorted': [ '1.1.4' ],
213 silly audit   'arraybuffer.prototype.slice': [ '1.0.3' ],
213 silly audit   'ast-types-flow': [ '0.0.8' ],
213 silly audit   'available-typed-arrays': [ '1.0.7' ],
213 silly audit   'axe-core': [ '4.10.0' ],
213 silly audit   'axobject-query': [ '4.1.0' ],
213 silly audit   'balanced-match': [ '1.0.2' ],
213 silly audit   'base64-js': [ '1.5.1' ],
213 silly audit   'better-sqlite3': [ '11.5.0' ],
213 silly audit   'binary-extensions': [ '2.3.0' ],
213 silly audit   bindings: [ '1.5.0' ],
213 silly audit   bl: [ '4.1.0' ],
213 silly audit   braces: [ '3.0.3' ],
213 silly audit   buffer: [ '5.7.1' ],
213 silly audit   busboy: [ '1.6.0' ],
213 silly audit   cacache: [ '15.3.0' ],
213 silly audit   glob: [ '7.2.3', '10.3.10' ],
213 silly audit   'lru-cache': [ '6.0.0', '10.4.3' ],
213 silly audit   minipass: [ '3.3.6', '7.1.2', '5.0.0' ],
213 silly audit   'call-bind': [ '1.0.7' ],
213 silly audit   callsites: [ '3.1.0' ],
213 silly audit   'camelcase-css': [ '2.0.1' ],
213 silly audit   'caniuse-lite': [ '1.0.30001667' ],
213 silly audit   chalk: [ '4.1.2' ],
213 silly audit   chokidar: [ '3.6.0' ],
213 silly audit   'glob-parent': [ '5.1.2', '6.0.2' ],
213 silly audit   chownr: [ '2.0.0', '1.1.4' ],
213 silly audit   'class-variance-authority': [ '0.7.0' ],
213 silly audit   clsx: [ '2.0.0', '2.1.1' ],
213 silly audit   'clean-stack': [ '2.2.0' ],
213 silly audit   'client-only': [ '0.0.1' ],
213 silly audit   cmdk: [ '1.0.0' ],
213 silly audit   'react-remove-scroll': [ '2.5.5', '2.6.0' ],
213 silly audit   'color-convert': [ '2.0.1' ],
213 silly audit   'color-name': [ '1.1.4' ],
213 silly audit   'color-support': [ '1.1.3' ],
213 silly audit   commander: [ '4.1.1' ],
213 silly audit   'concat-map': [ '0.0.1' ],
213 silly audit   'console-control-strings': [ '1.1.0' ],
213 silly audit   cookie: [ '0.7.0' ],
213 silly audit   'cross-spawn': [ '7.0.3' ],
213 silly audit   'crypto-js': [ '4.2.0' ],
213 silly audit   cssesc: [ '3.0.0' ],
213 silly audit   'damerau-levenshtein': [ '1.0.8' ],
213 silly audit   'data-view-buffer': [ '1.0.1' ],
213 silly audit   'data-view-byte-length': [ '1.0.1' ],
213 silly audit   'data-view-byte-offset': [ '1.0.0' ],
213 silly audit   debug: [ '4.3.7', '3.2.7' ],
213 silly audit   'decompress-response': [ '6.0.0' ],
213 silly audit   'deep-equal': [ '2.2.3' ],
213 silly audit   'deep-extend': [ '0.6.0' ],
213 silly audit   'deep-is': [ '0.1.4' ],
213 silly audit   'define-data-property': [ '1.1.4' ],
213 silly audit   'define-properties': [ '1.2.1' ],
213 silly audit   delegates: [ '1.0.0' ],
213 silly audit   'detect-libc': [ '2.0.3' ],
213 silly audit   'detect-node-es': [ '1.1.0' ],
213 silly audit   didyoumean: [ '1.2.2' ],
213 silly audit   dlv: [ '1.1.3' ],
213 silly audit   doctrine: [ '3.0.0', '2.1.0' ],
213 silly audit   'dot-case': [ '3.0.4' ],
213 silly audit   eastasianwidth: [ '0.2.0' ],
213 silly audit   'emoji-regex': [ '9.2.2', '8.0.0' ],
213 silly audit   encoding: [ '0.1.13' ],
213 silly audit   'end-of-stream': [ '1.4.4' ],
213 silly audit   'enhanced-resolve': [ '5.17.1' ],
213 silly audit   'env-paths': [ '2.2.1' ],
213 silly audit   'err-code': [ '2.0.3' ],
213 silly audit   'es-abstract': [ '1.23.3' ],
213 silly audit   'es-define-property': [ '1.0.0' ],
213 silly audit   'es-errors': [ '1.3.0' ],
213 silly audit   'es-get-iterator': [ '1.1.3' ],
213 silly audit   'es-iterator-helpers': [ '1.0.19' ],
213 silly audit   'es-object-atoms': [ '1.0.0' ],
213 silly audit   'es-set-tostringtag': [ '2.0.3' ],
213 silly audit   'es-shim-unscopables': [ '1.0.2' ],
213 silly audit   'es-to-primitive': [ '1.2.1' ],
213 silly audit   'escape-string-regexp': [ '4.0.0' ],
213 silly audit   eslint: [ '8.57.1' ],
213 silly audit   'eslint-config-next': [ '14.2.14' ],
213 silly audit   'eslint-import-resolver-node': [ '0.3.9' ],
213 silly audit   'eslint-import-resolver-typescript': [ '3.6.3' ],
213 silly audit   'eslint-module-utils': [ '2.12.0' ],
213 silly audit   'eslint-plugin-import': [ '2.31.0' ],
213 silly audit   semver: [ '6.3.1', '7.6.3' ],
213 silly audit   'eslint-plugin-jsx-a11y': [ '6.10.0' ],
213 silly audit   'eslint-plugin-react': [ '7.37.1' ],
213 silly audit   'eslint-plugin-react-hooks': [ '4.6.2' ],
213 silly audit   resolve: [ '2.0.0-next.5', '1.22.8' ],
213 silly audit   'eslint-scope': [ '7.2.2' ],
213 silly audit   'eslint-visitor-keys': [ '3.4.3' ],
213 silly audit   espree: [ '9.6.1' ],
213 silly audit   esquery: [ '1.6.0' ],
213 silly audit   esrecurse: [ '4.3.0' ],
213 silly audit   estraverse: [ '5.3.0' ],
213 silly audit   esutils: [ '2.0.3' ],
213 silly audit   'expand-template': [ '2.0.3' ],
213 silly audit   'fast-deep-equal': [ '3.1.3' ],
213 silly audit   'fast-glob': [ '3.3.2' ],
213 silly audit   'fast-json-stable-stringify': [ '2.1.0' ],
213 silly audit   'fast-levenshtein': [ '2.0.6' ],
213 silly audit   fastq: [ '1.17.1' ],
213 silly audit   'file-entry-cache': [ '6.0.1' ],
213 silly audit   'file-uri-to-path': [ '1.0.0' ],
213 silly audit   'fill-range': [ '7.1.1' ],
213 silly audit   'find-up': [ '5.0.0' ],
213 silly audit   'flat-cache': [ '3.2.0' ],
213 silly audit   flatted: [ '3.3.1' ],
213 silly audit   'for-each': [ '0.3.3' ],
213 silly audit   'foreground-child': [ '3.3.0' ],
213 silly audit   'framer-motion': [ '11.11.10' ],
213 silly audit   'fs-constants': [ '1.0.0' ],
213 silly audit   'fs-minipass': [ '2.1.0' ],
213 silly audit   'fs.realpath': [ '1.0.0' ],
213 silly audit   fsevents: [ '2.3.3' ],
213 silly audit   'function-bind': [ '1.1.2' ],
213 silly audit   'function.prototype.name': [ '1.1.6' ],
213 silly audit   'functions-have-names': [ '1.2.3' ],
213 silly audit   gauge: [ '4.0.4' ],
213 silly audit   'signal-exit': [ '3.0.7', '4.1.0' ],
213 silly audit   'string-width': [ '4.2.3', '5.1.2' ],
213 silly audit   'get-intrinsic': [ '1.2.4' ],
213 silly audit   'get-nonce': [ '1.0.1' ],
213 silly audit   'get-symbol-description': [ '1.0.2' ],
213 silly audit   'get-tsconfig': [ '4.8.1' ],
213 silly audit   'github-from-package': [ '0.0.0' ],
213 silly audit   'glob-to-regexp': [ '0.4.1' ],
213 silly audit   globals: [ '13.24.0' ],
213 silly audit   globalthis: [ '1.0.4' ],
213 silly audit   goober: [ '2.1.15' ],
213 silly audit   gopd: [ '1.0.1' ],
213 silly audit   'graceful-fs': [ '4.2.11' ],
213 silly audit   graphemer: [ '1.4.0' ],
213 silly audit   'has-bigints': [ '1.0.2' ],
213 silly audit   'has-flag': [ '4.0.0' ],
213 silly audit   'has-property-descriptors': [ '1.0.2' ],
213 silly audit   'has-proto': [ '1.0.3' ],
213 silly audit   'has-symbols': [ '1.0.3' ],
213 silly audit   'has-tostringtag': [ '1.0.2' ],
213 silly audit   'has-unicode': [ '2.0.1' ],
213 silly audit   hasown: [ '2.0.2' ],
213 silly audit   'http-cache-semantics': [ '4.1.1' ],
213 silly audit   'http-proxy-agent': [ '4.0.1' ],
213 silly audit   'https-proxy-agent': [ '5.0.1' ],
213 silly audit   'humanize-ms': [ '1.2.1' ],
213 silly audit   'iconv-lite': [ '0.6.3' ],
213 silly audit   ieee754: [ '1.2.1' ],
213 silly audit   ignore: [ '5.3.2' ],
213 silly audit   'import-fresh': [ '3.3.0' ],
213 silly audit   imurmurhash: [ '0.1.4' ],
213 silly audit   'indent-string': [ '4.0.0' ],
213 silly audit   'infer-owner': [ '1.0.4' ],
213 silly audit   inflight: [ '1.0.6' ],
213 silly audit   inherits: [ '2.0.4' ],
213 silly audit   ini: [ '1.3.8' ],
213 silly audit   'internal-slot': [ '1.0.7' ],
213 silly audit   invariant: [ '2.2.4' ],
213 silly audit   'ip-address': [ '9.0.5' ],
213 silly audit   'is-arguments': [ '1.1.1' ],
213 silly audit   'is-array-buffer': [ '3.0.4' ],
213 silly audit   'is-async-function': [ '2.0.0' ],
213 silly audit   'is-bigint': [ '1.0.4' ],
213 silly audit   'is-binary-path': [ '2.1.0' ],
213 silly audit   'is-boolean-object': [ '1.1.2' ],
213 silly audit   'is-bun-module': [ '1.2.1' ],
213 silly audit   'is-callable': [ '1.2.7' ],
213 silly audit   'is-core-module': [ '2.15.1' ],
213 silly audit   'is-data-view': [ '1.0.1' ],
213 silly audit   'is-date-object': [ '1.0.5' ],
213 silly audit   'is-extglob': [ '2.1.1' ],
213 silly audit   'is-finalizationregistry': [ '1.0.2' ],
213 silly audit   'is-fullwidth-code-point': [ '3.0.0' ],
213 silly audit   'is-generator-function': [ '1.0.10' ],
213 silly audit   'is-glob': [ '4.0.3' ],
213 silly audit   'is-lambda': [ '1.0.1' ],
213 silly audit   'is-map': [ '2.0.3' ],
213 silly audit   'is-negative-zero': [ '2.0.3' ],
213 silly audit   'is-number': [ '7.0.0' ],
213 silly audit   'is-number-object': [ '1.0.7' ],
213 silly audit   'is-path-inside': [ '3.0.3' ],
213 silly audit   'is-regex': [ '1.1.4' ],
213 silly audit   'is-set': [ '2.0.3' ],
213 silly audit   'is-shared-array-buffer': [ '1.0.3' ],
213 silly audit   'is-string': [ '1.0.7' ],
213 silly audit   'is-symbol': [ '1.0.4' ],
213 silly audit   'is-typed-array': [ '1.1.13' ],
213 silly audit   'is-weakmap': [ '2.0.2' ],
213 silly audit   'is-weakref': [ '1.0.2' ],
213 silly audit   'is-weakset': [ '2.0.3' ],
213 silly audit   isarray: [ '2.0.5' ],
213 silly audit   isexe: [ '2.0.0' ],
213 silly audit   'iterator.prototype': [ '1.1.2' ],
213 silly audit   jackspeak: [ '2.3.6' ],
213 silly audit   jiti: [ '1.21.6' ],
213 silly audit   'js-cookie': [ '3.0.5' ],
213 silly audit   'js-tokens': [ '4.0.0' ],
213 silly audit   'js-yaml': [ '4.1.0' ],
213 silly audit   jsbn: [ '1.1.0' ],
213 silly audit   'json-buffer': [ '3.0.1' ],
213 silly audit   'json-schema-traverse': [ '0.4.1' ],
213 silly audit   'json-stable-stringify-without-jsonify': [ '1.0.1' ],
213 silly audit   json5: [ '1.0.2' ],
213 silly audit   'jsx-ast-utils': [ '3.3.5' ],
213 silly audit   keyv: [ '4.5.4' ],
213 silly audit   'language-subtag-registry': [ '0.3.23' ],
213 silly audit   'language-tags': [ '1.0.9' ],
213 silly audit   levn: [ '0.4.1' ],
213 silly audit   lilconfig: [ '2.1.0', '3.1.2' ],
213 silly audit   'lines-and-columns': [ '1.2.4' ],
213 silly audit   'locate-path': [ '6.0.0' ],
213 silly audit   'lodash.merge': [ '4.6.2' ],
213 silly audit   'loose-envify': [ '1.4.0' ],
213 silly audit   'lower-case': [ '2.0.2' ],
213 silly audit   'lucide-react': [ '0.447.0' ],
213 silly audit   'make-fetch-happen': [ '9.1.0' ],
213 silly audit   'map-obj': [ '4.3.0' ],
213 silly audit   merge2: [ '1.4.1' ],
213 silly audit   micromatch: [ '4.0.8' ],
213 silly audit   'mimic-response': [ '3.1.0' ],
213 silly audit   minimist: [ '1.2.8' ],
213 silly audit   'minipass-collect': [ '1.0.2' ],
213 silly audit   'minipass-fetch': [ '1.4.1' ],
213 silly audit   'minipass-flush': [ '1.0.5' ],
213 silly audit   'minipass-pipeline': [ '1.2.4' ],
213 silly audit   'minipass-sized': [ '1.0.3' ],
213 silly audit   minizlib: [ '2.1.2' ],
213 silly audit   mkdirp: [ '1.0.4' ],
213 silly audit   'mkdirp-classic': [ '0.5.3' ],
213 silly audit   ms: [ '2.1.3' ],
213 silly audit   mz: [ '2.7.0' ],
213 silly audit   nanoid: [ '3.3.7' ],
213 silly audit   'napi-build-utils': [ '1.0.2' ],
213 silly audit   'natural-compare': [ '1.4.0' ],
213 silly audit   negotiator: [ '0.6.4' ],
213 silly audit   next: [ '14.2.14' ],
213 silly audit   postcss: [ '8.4.31', '8.4.47' ],
213 silly audit   'no-case': [ '3.0.4' ],
213 silly audit   'node-abi': [ '3.71.0' ],
213 silly audit   'node-addon-api': [ '7.1.1' ],
213 silly audit   'node-gyp': [ '8.4.1' ],
213 silly audit   nopt: [ '5.0.0' ],
213 silly audit   'normalize-path': [ '3.0.0' ],
213 silly audit   npmlog: [ '6.0.2' ],
213 silly audit   'object-assign': [ '4.1.1' ],
213 silly audit   'object-hash': [ '3.0.0' ],
213 silly audit   'object-inspect': [ '1.13.2' ],
213 silly audit   'object-is': [ '1.1.6' ],
213 silly audit   'object-keys': [ '1.1.1' ],
213 silly audit   'object.assign': [ '4.1.5' ],
213 silly audit   'object.entries': [ '1.1.8' ],
213 silly audit   'object.fromentries': [ '2.0.8' ],
213 silly audit   'object.groupby': [ '1.0.3' ],
213 silly audit   'object.values': [ '1.2.0' ],
213 silly audit   once: [ '1.4.0' ],
213 silly audit   optionator: [ '0.9.4' ],
213 silly audit   'p-limit': [ '3.1.0' ],
213 silly audit   'p-locate': [ '5.0.0' ],
213 silly audit   'p-map': [ '4.0.0' ],
213 silly audit   'parent-module': [ '1.0.1' ],
213 silly audit   'path-exists': [ '4.0.0' ],
213 silly audit   'path-is-absolute': [ '1.0.1' ],
213 silly audit   'path-key': [ '3.1.1' ],
213 silly audit   'path-parse': [ '1.0.7' ],
213 silly audit   'path-scurry': [ '1.11.1' ],
213 silly audit   picocolors: [ '1.1.0' ],
213 silly audit   picomatch: [ '2.3.1' ],
213 silly audit   pify: [ '2.3.0' ],
213 silly audit   pirates: [ '4.0.6' ],
213 silly audit   'possible-typed-array-names': [ '1.0.0' ],
213 silly audit   'postcss-import': [ '15.1.0' ],
213 silly audit   'postcss-js': [ '4.0.1' ],
213 silly audit   'postcss-load-config': [ '4.0.2' ],
213 silly audit   'postcss-nested': [ '6.2.0' ],
213 silly audit   'postcss-selector-parser': [ '6.1.2' ],
213 silly audit   'postcss-value-parser': [ '4.2.0' ],
213 silly audit   'prebuild-install': [ '7.1.2' ],
213 silly audit   'prelude-ls': [ '1.2.1' ],
213 silly audit   'promise-inflight': [ '1.0.1' ],
213 silly audit   'promise-retry': [ '2.0.1' ],
213 silly audit   'prop-types': [ '15.8.1' ],
213 silly audit   pump: [ '3.0.2' ],
213 silly audit   punycode: [ '2.3.1' ],
213 silly audit   'queue-microtask': [ '1.2.3' ],
213 silly audit   rc: [ '1.2.8' ],
213 silly audit   'strip-json-comments': [ '2.0.1', '3.1.1' ],
213 silly audit   react: [ '18.3.1' ],
213 silly audit   'react-dom': [ '18.3.1' ],
213 silly audit   'react-hot-toast': [ '2.4.1' ],
213 silly audit   'react-is': [ '16.13.1', '18.3.1' ],
213 silly audit   'react-remove-scroll-bar': [ '2.3.6' ],
213 silly audit   'react-style-singleton': [ '2.2.1' ],
213 silly audit   'read-cache': [ '1.0.0' ],
213 silly audit   'readable-stream': [ '3.6.2' ],
213 silly audit   readdirp: [ '3.6.0' ],
213 silly audit   'reflect.getprototypeof': [ '1.0.6' ],
213 silly audit   'regenerator-runtime': [ '0.14.1' ],
213 silly audit   'regexp.prototype.flags': [ '1.5.3' ],
213 silly audit   'resolve-from': [ '4.0.0' ],
213 silly audit   'resolve-pkg-maps': [ '1.0.0' ],
213 silly audit   retry: [ '0.12.0' ],
213 silly audit   reusify: [ '1.0.4' ],
213 silly audit   rimraf: [ '3.0.2' ],
213 silly audit   'run-parallel': [ '1.2.0' ],
213 silly audit   'safe-array-concat': [ '1.1.2' ],
213 silly audit   'safe-buffer': [ '5.2.1' ],
213 silly audit   'safe-regex-test': [ '1.0.3' ],
213 silly audit   'safer-buffer': [ '2.1.2' ],
213 silly audit   scheduler: [ '0.23.2' ],
213 silly audit   'server-only': [ '0.0.1' ],
213 silly audit   'set-blocking': [ '2.0.0' ],
213 silly audit   'set-function-length': [ '1.2.2' ],
213 silly audit   'set-function-name': [ '2.0.2' ],
213 silly audit   'shebang-command': [ '2.0.0' ],
213 silly audit   'shebang-regex': [ '3.0.0' ],
213 silly audit   'side-channel': [ '1.0.6' ],
213 silly audit   'simple-concat': [ '1.0.1' ],
213 silly audit   'simple-get': [ '4.0.1' ],
213 silly audit   'smart-buffer': [ '4.2.0' ],
213 silly audit   'snake-case': [ '3.0.4' ],
213 silly audit   'snakecase-keys': [ '5.4.4' ],
213 silly audit   'type-fest': [ '2.19.0', '0.20.2' ],
213 silly audit   socks: [ '2.8.3' ],
213 silly audit   'socks-proxy-agent': [ '6.2.1' ],
213 silly audit   'source-map-js': [ '1.2.1' ],
213 silly audit   'sprintf-js': [ '1.1.3' ],
213 silly audit   sqlite3: [ '5.1.7' ],
213 silly audit   ssri: [ '8.0.1' ],
213 silly audit   'std-env': [ '3.7.0' ],
213 silly audit   'stop-iteration-iterator': [ '1.0.0' ],
213 silly audit   streamsearch: [ '1.1.0' ],
213 silly audit   string_decoder: [ '1.3.0' ],
213 silly audit   'string.prototype.includes': [ '2.0.0' ],
213 silly audit   'string.prototype.matchall': [ '4.0.11' ],
213 silly audit   'string.prototype.repeat': [ '1.0.0' ],
213 silly audit   'string.prototype.trim': [ '1.2.9' ],
213 silly audit   'string.prototype.trimend': [ '1.0.8' ],
213 silly audit   'string.prototype.trimstart': [ '1.0.8' ],
213 silly audit   'strip-bom': [ '3.0.0' ],
213 silly audit   'styled-jsx': [ '5.1.1' ],
213 silly audit   sucrase: [ '3.35.0' ],
213 silly audit   'supports-color': [ '7.2.0' ],
213 silly audit   'supports-preserve-symlinks-flag': [ '1.0.0' ],
213 silly audit   swr: [ '2.2.5' ],
213 silly audit   'tailwind-merge': [ '2.5.3' ],
213 silly audit   tailwindcss: [ '3.4.13' ],
213 silly audit   'tailwindcss-animate': [ '1.0.7' ],
213 silly audit   tapable: [ '2.2.1' ],
213 silly audit   tar: [ '6.2.1' ],
213 silly audit   'tar-fs': [ '2.1.1' ],
213 silly audit   'tar-stream': [ '2.2.0' ],
213 silly audit   'text-table': [ '0.2.0' ],
213 silly audit   thenify: [ '3.3.1' ],
213 silly audit   'thenify-all': [ '1.6.0' ],
213 silly audit   'to-regex-range': [ '5.0.1' ],
213 silly audit   'ts-api-utils': [ '1.3.0' ],
213 silly audit   'ts-interface-checker': [ '0.1.13' ],
213 silly audit   'tsconfig-paths': [ '3.15.0' ],
213 silly audit   'tunnel-agent': [ '0.6.0' ],
213 silly audit   'type-check': [ '0.4.0' ],
213 silly audit   'typed-array-buffer': [ '1.0.2' ],
213 silly audit   'typed-array-byte-length': [ '1.0.1' ],
213 silly audit   'typed-array-byte-offset': [ '1.0.2' ],
213 silly audit   'typed-array-length': [ '1.0.6' ],
213 silly audit   typescript: [ '5.6.2' ],
213 silly audit   'unbox-primitive': [ '1.0.2' ],
213 silly audit   'undici-types': [ '6.19.8' ],
213 silly audit   'unique-filename': [ '1.1.1' ],
213 silly audit   'unique-slug': [ '2.0.2' ],
213 silly audit   'uri-js': [ '4.4.1' ],
213 silly audit   'use-callback-ref': [ '1.3.2' ],
213 silly audit   'use-sidecar': [ '1.1.2' ],
213 silly audit   'use-sync-external-store': [ '1.2.2' ],
213 silly audit   'util-deprecate': [ '1.0.2' ],
213 silly audit   which: [ '2.0.2' ],
213 silly audit   'which-boxed-primitive': [ '1.0.2' ],
213 silly audit   'which-builtin-type': [ '1.1.4' ],
213 silly audit   'which-collection': [ '1.0.2' ],
213 silly audit   'which-typed-array': [ '1.1.15' ],
213 silly audit   'wide-align': [ '1.1.5' ],
213 silly audit   'word-wrap': [ '1.2.5' ],
213 silly audit   'wrap-ansi': [ '8.1.0', '7.0.0' ],
213 silly audit   wrappy: [ '1.0.2' ],
213 silly audit   yallist: [ '4.0.0' ],
213 silly audit   yaml: [ '2.5.1' ],
213 silly audit   'yocto-queue': [ '0.1.0' ],
213 silly audit   zod: [ '3.23.8' ],
213 silly audit   recharts: [ '2.14.1' ],
213 silly audit   eventemitter3: [ '4.0.7' ],
213 silly audit   lodash: [ '4.17.21' ],
213 silly audit   'react-smooth': [ '4.0.3' ],
213 silly audit   'recharts-scale': [ '0.4.5' ],
213 silly audit   'tiny-invariant': [ '1.3.3' ],
213 silly audit   'victory-vendor': [ '36.9.2' ],
213 silly audit   'fast-equals': [ '5.0.1' ],
213 silly audit   'react-transition-group': [ '4.4.5' ],
213 silly audit   'dom-helpers': [ '5.2.1' ],
213 silly audit   'decimal.js-light': [ '2.5.1' ],
213 silly audit   '@types/d3-array': [ '3.2.1' ],
213 silly audit   '@types/d3-ease': [ '3.0.2' ],
213 silly audit   '@types/d3-interpolate': [ '3.0.4' ],
213 silly audit   '@types/d3-scale': [ '4.0.8' ],
213 silly audit   '@types/d3-shape': [ '3.1.6' ],
213 silly audit   '@types/d3-time': [ '3.0.4' ],
213 silly audit   '@types/d3-timer': [ '3.0.2' ],
213 silly audit   'd3-array': [ '3.2.4' ],
213 silly audit   'd3-ease': [ '3.0.1' ],
213 silly audit   'd3-interpolate': [ '3.0.1' ],
213 silly audit   'd3-scale': [ '4.0.2' ],
213 silly audit   'd3-shape': [ '3.2.0' ],
213 silly audit   'd3-time': [ '3.1.0' ],
213 silly audit   'd3-timer': [ '3.0.1' ],
213 silly audit   '@types/d3-color': [ '3.1.3' ],
213 silly audit   '@types/d3-path': [ '3.1.0' ],
213 silly audit   internmap: [ '2.0.3' ],
213 silly audit   'd3-color': [ '3.1.0' ],
213 silly audit   'd3-format': [ '3.1.0' ],
213 silly audit   'd3-time-format': [ '4.1.0' ],
213 silly audit   'd3-path': [ '3.1.0' ]
213 silly audit }
214 verbose reify failed optional dependency D:\UpdatedFYP\manufacturing-progress-tracker-main\node_modules\fsevents
215 silly reify mark deleted [
215 silly reify   'D:\\UpdatedFYP\\manufacturing-progress-tracker-main\\node_modules\\fsevents'
215 silly reify ]
216 verbose reify failed optional dependency D:\UpdatedFYP\manufacturing-progress-tracker-main\node_modules\@next\swc-win32-ia32-msvc
217 silly reify mark deleted [
217 silly reify   'D:\\UpdatedFYP\\manufacturing-progress-tracker-main\\node_modules\\@next\\swc-win32-ia32-msvc'
217 silly reify ]
218 verbose reify failed optional dependency D:\UpdatedFYP\manufacturing-progress-tracker-main\node_modules\@next\swc-win32-arm64-msvc
219 silly reify mark deleted [
219 silly reify   'D:\\UpdatedFYP\\manufacturing-progress-tracker-main\\node_modules\\@next\\swc-win32-arm64-msvc'
219 silly reify ]
220 verbose reify failed optional dependency D:\UpdatedFYP\manufacturing-progress-tracker-main\node_modules\@next\swc-linux-x64-musl
221 silly reify mark deleted [
221 silly reify   'D:\\UpdatedFYP\\manufacturing-progress-tracker-main\\node_modules\\@next\\swc-linux-x64-musl'
221 silly reify ]
222 verbose reify failed optional dependency D:\UpdatedFYP\manufacturing-progress-tracker-main\node_modules\@next\swc-linux-x64-gnu
223 silly reify mark deleted [
223 silly reify   'D:\\UpdatedFYP\\manufacturing-progress-tracker-main\\node_modules\\@next\\swc-linux-x64-gnu'
223 silly reify ]
224 verbose reify failed optional dependency D:\UpdatedFYP\manufacturing-progress-tracker-main\node_modules\@next\swc-linux-arm64-musl
225 silly reify mark deleted [
225 silly reify   'D:\\UpdatedFYP\\manufacturing-progress-tracker-main\\node_modules\\@next\\swc-linux-arm64-musl'
225 silly reify ]
226 verbose reify failed optional dependency D:\UpdatedFYP\manufacturing-progress-tracker-main\node_modules\@next\swc-linux-arm64-gnu
227 silly reify mark deleted [
227 silly reify   'D:\\UpdatedFYP\\manufacturing-progress-tracker-main\\node_modules\\@next\\swc-linux-arm64-gnu'
227 silly reify ]
228 verbose reify failed optional dependency D:\UpdatedFYP\manufacturing-progress-tracker-main\node_modules\@next\swc-darwin-x64
229 silly reify mark deleted [
229 silly reify   'D:\\UpdatedFYP\\manufacturing-progress-tracker-main\\node_modules\\@next\\swc-darwin-x64'
229 silly reify ]
230 verbose reify failed optional dependency D:\UpdatedFYP\manufacturing-progress-tracker-main\node_modules\@next\swc-darwin-arm64
231 silly reify mark deleted [
231 silly reify   'D:\\UpdatedFYP\\manufacturing-progress-tracker-main\\node_modules\\@next\\swc-darwin-arm64'
231 silly reify ]
232 silly tarball no local data for d3-color@https://registry.npmjs.org/d3-color/-/d3-color-3.1.0.tgz. Extracting by manifest.
233 silly tarball no local data for d3-time-format@https://registry.npmjs.org/d3-time-format/-/d3-time-format-4.1.0.tgz. Extracting by manifest.
234 silly tarball no local data for d3-format@https://registry.npmjs.org/d3-format/-/d3-format-3.1.0.tgz. Extracting by manifest.
235 silly tarball no local data for d3-path@https://registry.npmjs.org/d3-path/-/d3-path-3.1.0.tgz. Extracting by manifest.
236 silly tarball no local data for internmap@https://registry.npmjs.org/internmap/-/internmap-2.0.3.tgz. Extracting by manifest.
237 silly tarball no local data for @types/d3-color@https://registry.npmjs.org/@types/d3-color/-/d3-color-3.1.3.tgz. Extracting by manifest.
238 silly tarball no local data for @types/d3-path@https://registry.npmjs.org/@types/d3-path/-/d3-path-3.1.0.tgz. Extracting by manifest.
239 silly tarball no local data for d3-timer@https://registry.npmjs.org/d3-timer/-/d3-timer-3.0.1.tgz. Extracting by manifest.
240 silly tarball no local data for d3-time@https://registry.npmjs.org/d3-time/-/d3-time-3.1.0.tgz. Extracting by manifest.
241 silly tarball no local data for d3-interpolate@https://registry.npmjs.org/d3-interpolate/-/d3-interpolate-3.0.1.tgz. Extracting by manifest.
242 silly tarball no local data for d3-scale@https://registry.npmjs.org/d3-scale/-/d3-scale-4.0.2.tgz. Extracting by manifest.
243 silly tarball no local data for d3-ease@https://registry.npmjs.org/d3-ease/-/d3-ease-3.0.1.tgz. Extracting by manifest.
244 silly tarball no local data for d3-shape@https://registry.npmjs.org/d3-shape/-/d3-shape-3.2.0.tgz. Extracting by manifest.
245 silly tarball no local data for @types/d3-time@https://registry.npmjs.org/@types/d3-time/-/d3-time-3.0.4.tgz. Extracting by manifest.
246 silly tarball no local data for d3-array@https://registry.npmjs.org/d3-array/-/d3-array-3.2.4.tgz. Extracting by manifest.
247 silly tarball no local data for @types/d3-timer@https://registry.npmjs.org/@types/d3-timer/-/d3-timer-3.0.2.tgz. Extracting by manifest.
248 silly tarball no local data for @types/d3-scale@https://registry.npmjs.org/@types/d3-scale/-/d3-scale-4.0.8.tgz. Extracting by manifest.
249 silly tarball no local data for @types/d3-ease@https://registry.npmjs.org/@types/d3-ease/-/d3-ease-3.0.2.tgz. Extracting by manifest.
250 silly tarball no local data for @types/d3-array@https://registry.npmjs.org/@types/d3-array/-/d3-array-3.2.1.tgz. Extracting by manifest.
251 silly tarball no local data for @types/d3-shape@https://registry.npmjs.org/@types/d3-shape/-/d3-shape-3.1.6.tgz. Extracting by manifest.
252 silly tarball no local data for @types/d3-interpolate@https://registry.npmjs.org/@types/d3-interpolate/-/d3-interpolate-3.0.4.tgz. Extracting by manifest.
253 silly tarball no local data for dom-helpers@https://registry.npmjs.org/dom-helpers/-/dom-helpers-5.2.1.tgz. Extracting by manifest.
254 silly tarball no local data for decimal.js-light@https://registry.npmjs.org/decimal.js-light/-/decimal.js-light-2.5.1.tgz. Extracting by manifest.
255 silly tarball no local data for react-transition-group@https://registry.npmjs.org/react-transition-group/-/react-transition-group-4.4.5.tgz. Extracting by manifest.
256 silly tarball no local data for victory-vendor@https://registry.npmjs.org/victory-vendor/-/victory-vendor-36.9.2.tgz. Extracting by manifest.
257 silly tarball no local data for fast-equals@https://registry.npmjs.org/fast-equals/-/fast-equals-5.0.1.tgz. Extracting by manifest.
258 silly tarball no local data for tiny-invariant@https://registry.npmjs.org/tiny-invariant/-/tiny-invariant-1.3.3.tgz. Extracting by manifest.
259 silly tarball no local data for react-smooth@https://registry.npmjs.org/react-smooth/-/react-smooth-4.0.3.tgz. Extracting by manifest.
260 silly tarball no local data for recharts-scale@https://registry.npmjs.org/recharts-scale/-/recharts-scale-0.4.5.tgz. Extracting by manifest.
261 silly tarball no local data for lodash@https://registry.npmjs.org/lodash/-/lodash-4.17.21.tgz. Extracting by manifest.
262 silly tarball no local data for recharts@https://registry.npmjs.org/recharts/-/recharts-2.14.1.tgz. Extracting by manifest.
263 silly tarball no local data for eventemitter3@https://registry.npmjs.org/eventemitter3/-/eventemitter3-4.0.7.tgz. Extracting by manifest.
264 silly tarball no local data for react-is@https://registry.npmjs.org/react-is/-/react-is-18.3.1.tgz. Extracting by manifest.
265 http fetch GET 200 https://registry.npmjs.org/d3-color/-/d3-color-3.1.0.tgz 212ms (cache miss)
266 http fetch GET 200 https://registry.npmjs.org/d3-path/-/d3-path-3.1.0.tgz 212ms (cache miss)
267 http fetch GET 200 https://registry.npmjs.org/internmap/-/internmap-2.0.3.tgz 213ms (cache miss)
268 http fetch GET 200 https://registry.npmjs.org/@types/d3-color/-/d3-color-3.1.3.tgz 215ms (cache miss)
269 http fetch POST 200 https://registry.npmjs.org/-/npm/v1/security/advisories/bulk 332ms
270 silly audit report {
270 silly audit report   'cross-spawn': [
270 silly audit report     {
270 silly audit report       id: 1100563,
270 silly audit report       url: 'https://github.com/advisories/GHSA-3xgq-45jj-v275',
270 silly audit report       title: 'Regular Expression Denial of Service (ReDoS) in cross-spawn',
270 silly audit report       severity: 'high',
270 silly audit report       vulnerable_versions: '>=7.0.0 <7.0.5',
270 silly audit report       cwe: [Array],
270 silly audit report       cvss: [Object]
270 silly audit report     }
270 silly audit report   ]
270 silly audit report }
271 silly packumentCache corgi:https://registry.npmjs.org/cross-spawn cache-miss
272 http fetch GET 200 https://registry.npmjs.org/@types/d3-ease/-/d3-ease-3.0.2.tgz 368ms (cache miss)
273 http fetch GET 200 https://registry.npmjs.org/@types/d3-timer/-/d3-timer-3.0.2.tgz 368ms (cache miss)
274 http fetch GET 200 https://registry.npmjs.org/@types/d3-array/-/d3-array-3.2.1.tgz 370ms (cache miss)
275 http fetch GET 200 https://registry.npmjs.org/@types/d3-shape/-/d3-shape-3.1.6.tgz 375ms (cache miss)
276 http fetch GET 200 https://registry.npmjs.org/@types/d3-scale/-/d3-scale-4.0.8.tgz 376ms (cache miss)
277 http fetch GET 200 https://registry.npmjs.org/d3-time-format/-/d3-time-format-4.1.0.tgz 398ms (cache miss)
278 http fetch GET 200 https://registry.npmjs.org/@types/d3-interpolate/-/d3-interpolate-3.0.4.tgz 509ms (cache miss)
279 http fetch GET 200 https://registry.npmjs.org/d3-format/-/d3-format-3.1.0.tgz 524ms (cache miss)
280 http fetch GET 200 https://registry.npmjs.org/tiny-invariant/-/tiny-invariant-1.3.3.tgz 526ms (cache miss)
281 http fetch GET 200 https://registry.npmjs.org/@types/d3-path/-/d3-path-3.1.0.tgz 539ms (cache miss)
282 http fetch GET 200 https://registry.npmjs.org/@types/d3-time/-/d3-time-3.0.4.tgz 543ms (cache miss)
283 http fetch GET 200 https://registry.npmjs.org/cross-spawn 353ms (cache revalidated)
284 silly packumentCache corgi:https://registry.npmjs.org/cross-spawn set size:44626 disposed:false
285 silly packumentCache corgi:https://registry.npmjs.org/eslint cache-miss
286 silly packumentCache corgi:https://registry.npmjs.org/foreground-child cache-miss
287 http fetch GET 200 https://registry.npmjs.org/eventemitter3/-/eventemitter3-4.0.7.tgz 672ms (cache miss)
288 http fetch GET 200 https://registry.npmjs.org/decimal.js-light/-/decimal.js-light-2.5.1.tgz 676ms (cache miss)
289 http fetch GET 200 https://registry.npmjs.org/d3-timer/-/d3-timer-3.0.1.tgz 730ms (cache miss)
290 http fetch GET 200 https://registry.npmjs.org/react-is/-/react-is-18.3.1.tgz 728ms (cache miss)
291 http fetch GET 200 https://registry.npmjs.org/d3-ease/-/d3-ease-3.0.1.tgz 744ms (cache miss)
292 http fetch GET 200 https://registry.npmjs.org/d3-time/-/d3-time-3.1.0.tgz 755ms (cache miss)
293 http fetch GET 200 https://registry.npmjs.org/d3-array/-/d3-array-3.2.4.tgz 763ms (cache miss)
294 http fetch GET 200 https://registry.npmjs.org/recharts-scale/-/recharts-scale-0.4.5.tgz 817ms (cache miss)
295 http fetch GET 200 https://registry.npmjs.org/eslint 191ms (cache revalidated)
296 silly packumentCache corgi:https://registry.npmjs.org/eslint set size:1015531 disposed:false
297 http fetch GET 200 https://registry.npmjs.org/foreground-child 212ms (cache revalidated)
298 silly packumentCache corgi:https://registry.npmjs.org/foreground-child set size:20383 disposed:false
299 http fetch GET 200 https://registry.npmjs.org/react-transition-group/-/react-transition-group-4.4.5.tgz 884ms (cache miss)
300 http fetch GET 200 https://registry.npmjs.org/d3-interpolate/-/d3-interpolate-3.0.1.tgz 888ms (cache miss)
301 http fetch GET 200 https://registry.npmjs.org/d3-scale/-/d3-scale-4.0.2.tgz 890ms (cache miss)
302 http fetch GET 200 https://registry.npmjs.org/react-smooth/-/react-smooth-4.0.3.tgz 886ms (cache miss)
303 http fetch GET 200 https://registry.npmjs.org/fast-equals/-/fast-equals-5.0.1.tgz 951ms (cache miss)
304 http fetch GET 200 https://registry.npmjs.org/d3-shape/-/d3-shape-3.2.0.tgz 977ms (cache miss)
305 http fetch GET 200 https://registry.npmjs.org/dom-helpers/-/dom-helpers-5.2.1.tgz 1434ms (cache miss)
306 http fetch GET 200 https://registry.npmjs.org/victory-vendor/-/victory-vendor-36.9.2.tgz 1523ms (cache miss)
307 http fetch GET 200 https://registry.npmjs.org/recharts/-/recharts-2.14.1.tgz 1637ms (cache miss)
308 http fetch GET 200 https://registry.npmjs.org/lodash/-/lodash-4.17.21.tgz 2371ms (cache miss)
309 silly ADD node_modules/d3-path
310 silly ADD node_modules/d3-time-format
311 silly ADD node_modules/d3-format
312 silly ADD node_modules/d3-color
313 silly ADD node_modules/internmap
314 silly ADD node_modules/@types/d3-path
315 silly ADD node_modules/@types/d3-color
316 silly ADD node_modules/d3-timer
317 silly ADD node_modules/d3-time
318 silly ADD node_modules/d3-shape
319 silly ADD node_modules/d3-scale
320 silly ADD node_modules/d3-interpolate
321 silly ADD node_modules/d3-ease
322 silly ADD node_modules/d3-array
323 silly ADD node_modules/@types/d3-timer
324 silly ADD node_modules/@types/d3-time
325 silly ADD node_modules/@types/d3-shape
326 silly ADD node_modules/@types/d3-scale
327 silly ADD node_modules/@types/d3-interpolate
328 silly ADD node_modules/@types/d3-ease
329 silly ADD node_modules/@types/d3-array
330 silly ADD node_modules/decimal.js-light
331 silly ADD node_modules/dom-helpers
332 silly ADD node_modules/react-transition-group
333 silly ADD node_modules/fast-equals
334 silly ADD node_modules/victory-vendor
335 silly ADD node_modules/tiny-invariant
336 silly ADD node_modules/recharts-scale
337 silly ADD node_modules/react-smooth
338 silly ADD node_modules/lodash
339 silly ADD node_modules/eventemitter3
340 silly ADD node_modules/recharts
341 silly ADD node_modules/recharts/node_modules/react-is
342 silly ADD
343 silly ADD
344 silly ADD
345 silly ADD
346 silly ADD
347 silly ADD
348 silly ADD
349 silly ADD
350 silly ADD
351 verbose cwd D:\UpdatedFYP\manufacturing-progress-tracker-main
352 verbose os Windows_NT 10.0.22631
353 verbose node v23.3.0
354 verbose npm  v10.9.0
355 verbose exit 0
356 info ok
